{"C:\\Users\\falca\\OneDrive\\Área de Trabalho\\Git\\C-A\\back-end\\controllers\\user_controle.js": {"path":"C:\\Users\\falca\\OneDrive\\Área de Trabalho\\Git\\C-A\\back-end\\controllers\\user_controle.js","statementMap":{"0":{"start":{"line":2,"column":33},"end":{"line":2,"column":41}},"1":{"start":{"line":4,"column":2},"end":{"line":28,"column":3}},"2":{"start":{"line":5,"column":30},"end":{"line":5,"column":73}},"3":{"start":{"line":6,"column":24},"end":{"line":8,"column":31}},"4":{"start":{"line":10,"column":4},"end":{"line":12,"column":5}},"5":{"start":{"line":11,"column":6},"end":{"line":11,"column":87}},"6":{"start":{"line":14,"column":24},"end":{"line":17,"column":5}},"7":{"start":{"line":19,"column":4},"end":{"line":23,"column":26}},"8":{"start":{"line":25,"column":4},"end":{"line":25,"column":75}},"9":{"start":{"line":27,"column":4},"end":{"line":27,"column":87}},"10":{"start":{"line":32,"column":46},"end":{"line":32,"column":54}},"11":{"start":{"line":34,"column":2},"end":{"line":62,"column":3}},"12":{"start":{"line":35,"column":25},"end":{"line":35,"column":79}},"13":{"start":{"line":36,"column":24},"end":{"line":38,"column":26}},"14":{"start":{"line":40,"column":4},"end":{"line":42,"column":5}},"15":{"start":{"line":41,"column":6},"end":{"line":41,"column":86}},"16":{"start":{"line":44,"column":24},"end":{"line":50,"column":5}},"17":{"start":{"line":52,"column":4},"end":{"line":57,"column":26}},"18":{"start":{"line":59,"column":4},"end":{"line":59,"column":75}},"19":{"start":{"line":61,"column":4},"end":{"line":61,"column":87}},"20":{"start":{"line":67,"column":22},"end":{"line":67,"column":42}},"21":{"start":{"line":69,"column":2},"end":{"line":81,"column":3}},"22":{"start":{"line":70,"column":24},"end":{"line":73,"column":5}},"23":{"start":{"line":75,"column":4},"end":{"line":76,"column":26}},"24":{"start":{"line":78,"column":4},"end":{"line":78,"column":69}},"25":{"start":{"line":80,"column":4},"end":{"line":80,"column":85}},"26":{"start":{"line":86,"column":20},"end":{"line":86,"column":28}},"27":{"start":{"line":88,"column":2},"end":{"line":103,"column":3}},"28":{"start":{"line":89,"column":24},"end":{"line":89,"column":83}},"29":{"start":{"line":90,"column":19},"end":{"line":92,"column":25}},"30":{"start":{"line":94,"column":18},"end":{"line":94,"column":43}},"31":{"start":{"line":95,"column":4},"end":{"line":100,"column":5}},"32":{"start":{"line":96,"column":6},"end":{"line":96,"column":54}},"33":{"start":{"line":99,"column":6},"end":{"line":99,"column":62}},"34":{"start":{"line":102,"column":4},"end":{"line":102,"column":89}},"35":{"start":{"line":107,"column":0},"end":{"line":109,"column":2}}},"fnMap":{"0":{"name":"cadastrarUsuario","decl":{"start":{"line":1,"column":15},"end":{"line":1,"column":31}},"loc":{"start":{"line":1,"column":44},"end":{"line":29,"column":1}},"line":1},"1":{"name":"atualizarUsuario","decl":{"start":{"line":31,"column":15},"end":{"line":31,"column":31}},"loc":{"start":{"line":31,"column":43},"end":{"line":63,"column":1}},"line":31},"2":{"name":"excluirUsuario","decl":{"start":{"line":66,"column":15},"end":{"line":66,"column":29}},"loc":{"start":{"line":66,"column":43},"end":{"line":82,"column":1}},"line":66},"3":{"name":"verificarSenha","decl":{"start":{"line":85,"column":15},"end":{"line":85,"column":29}},"loc":{"start":{"line":85,"column":40},"end":{"line":104,"column":1}},"line":85}},"branchMap":{"0":{"loc":{"start":{"line":10,"column":4},"end":{"line":12,"column":5}},"type":"if","locations":[{"start":{"line":10,"column":4},"end":{"line":12,"column":5}},{"start":{},"end":{}}],"line":10},"1":{"loc":{"start":{"line":40,"column":4},"end":{"line":42,"column":5}},"type":"if","locations":[{"start":{"line":40,"column":4},"end":{"line":42,"column":5}},{"start":{},"end":{}}],"line":40},"2":{"loc":{"start":{"line":95,"column":4},"end":{"line":100,"column":5}},"type":"if","locations":[{"start":{"line":95,"column":4},"end":{"line":100,"column":5}},{"start":{"line":97,"column":11},"end":{"line":100,"column":5}}],"line":95}},"s":{"0":3,"1":3,"2":3,"3":3,"4":2,"5":1,"6":1,"7":1,"8":1,"9":1,"10":3,"11":3,"12":3,"13":3,"14":2,"15":1,"16":1,"17":1,"18":1,"19":1,"20":2,"21":2,"22":2,"23":2,"24":1,"25":1,"26":3,"27":3,"28":3,"29":3,"30":2,"31":2,"32":1,"33":1,"34":1,"35":1},"f":{"0":3,"1":3,"2":2,"3":3},"b":{"0":[1,1],"1":[1,1],"2":[1,1]},"_coverageSchema":"1a1c01bbd47fc00a2c39e90264f33305004495a9","hash":"684fb25cfb42cd0602c9f0d2e86a981f03f896c6"}
}
