TN:
SF:config\nodemailer_config.js
FNF:0
FNH:0
DA:1,1
DA:3,1
DA:11,1
LF:3
LH:3
BRF:0
BRH:0
end_of_record
TN:
SF:controllers\autenticacao_controle.js
FN:3,verificarLogin
FNF:1
FNH:1
FNDA:8,verificarLogin
DA:1,2
DA:4,8
DA:5,8
DA:6,2
DA:9,6
DA:10,6
DA:12,6
DA:18,6
DA:23,4
DA:24,2
DA:26,2
DA:27,2
DA:29,2
DA:32,2
DA:36,2
LF:15
LH:15
BRDA:5,0,0,2
BRDA:5,0,1,6
BRDA:5,1,0,8
BRDA:5,1,1,7
BRDA:23,2,0,2
BRDA:23,2,1,2
BRF:6
BRH:6
end_of_record
TN:
SF:controllers\email_controle.js
FN:6,enviarEmail
FN:45,verificarCodigo
FN:55,setCodigoArmazenado
FNF:3
FNH:3
FNDA:6,enviarEmail
FNDA:4,verificarCodigo
FNDA:9,setCodigoArmazenado
DA:1,2
DA:2,2
DA:4,2
DA:7,6
DA:8,6
DA:10,6
DA:12,6
DA:13,6
DA:17,6
DA:18,2
DA:21,4
DA:38,2
DA:39,2
DA:41,2
DA:46,4
DA:48,4
DA:49,2
DA:51,2
DA:56,9
DA:59,2
LF:20
LH:20
BRDA:17,0,0,2
BRDA:17,0,1,4
BRDA:48,1,0,2
BRDA:48,1,1,2
BRF:4
BRH:4
end_of_record
TN:
SF:controllers\user_controle.js
FN:3,cadastrarUsuario
FN:35,atualizarUsuario
FN:72,excluirUsuario
FN:91,verificarSenha
FNF:4
FNH:4
FNDA:6,cadastrarUsuario
FNDA:6,atualizarUsuario
FNDA:4,excluirUsuario
FNDA:6,verificarSenha
DA:1,2
DA:4,6
DA:6,6
DA:7,6
DA:8,6
DA:12,4
DA:13,2
DA:16,2
DA:18,2
DA:23,2
DA:29,2
DA:31,2
DA:36,6
DA:38,6
DA:39,6
DA:40,6
DA:44,4
DA:45,2
DA:48,2
DA:50,2
DA:58,2
DA:65,2
DA:67,2
DA:73,4
DA:75,4
DA:76,4
DA:81,4
DA:84,2
DA:86,2
DA:92,6
DA:94,6
DA:95,6
DA:97,6
DA:98,6
DA:102,4
DA:103,4
DA:104,2
DA:106,2
DA:109,2
DA:113,2
LF:40
LH:40
BRDA:12,0,0,2
BRDA:12,0,1,2
BRDA:44,1,0,2
BRDA:44,1,1,2
BRDA:103,2,0,2
BRDA:103,2,1,2
BRF:6
BRH:6
end_of_record
TN:
SF:db\database.js
FN:18,connectDatabase
FNF:1
FNH:1
FNDA:2,connectDatabase
DA:1,1
DA:3,1
DA:19,2
DA:20,2
DA:21,1
DA:23,1
DA:24,1
DA:28,1
LF:8
LH:8
BRF:0
BRH:0
end_of_record
TN:
SF:routes\email_rota.js
FNF:0
FNH:0
DA:1,1
DA:2,1
DA:3,1
DA:5,1
DA:6,1
DA:8,1
LF:6
LH:6
BRF:0
BRH:0
end_of_record
TN:
SF:routes\user_rota.js
FNF:0
FNH:0
DA:1,1
DA:2,1
DA:3,1
DA:5,1
DA:6,1
DA:7,1
DA:8,1
DA:10,1
LF:8
LH:8
BRF:0
BRH:0
end_of_record
TN:
SF:utils\gerar_codigo.js
FN:1,gerarCodigo
FNF:1
FNH:1
FNDA:7,gerarCodigo
DA:2,7
DA:3,7
DA:4,7
DA:5,83
DA:7,7
DA:10,2
LF:6
LH:6
BRF:0
BRH:0
end_of_record
